  sample.cpp
C:\Users\craig\Dropbox\00 - Cloud Documents\01_ImportantFiles\Education\OSU\08_Fall_23\CS 450 Intro to Computer Graphics\SampleWindows\Sample2022\sample.cpp(479,24): warning C4244: 'initializing': conversion from 'double' to 'float', possible loss of data
C:\Users\craig\Dropbox\00 - Cloud Documents\01_ImportantFiles\Education\OSU\08_Fall_23\CS 450 Intro to Computer Graphics\SampleWindows\Sample2022\sample.cpp(480,24): warning C4244: 'initializing': conversion from 'double' to 'float', possible loss of data
C:\Users\craig\Dropbox\00 - Cloud Documents\01_ImportantFiles\Education\OSU\08_Fall_23\CS 450 Intro to Computer Graphics\SampleWindows\Sample2022\sample.cpp(886,24): warning C4305: 'argument': truncation from 'double' to 'GLfloat'
C:\Users\craig\Dropbox\00 - Cloud Documents\01_ImportantFiles\Education\OSU\08_Fall_23\CS 450 Intro to Computer Graphics\SampleWindows\Sample2022\sample.cpp(887,29): warning C4305: 'argument': truncation from 'double' to 'GLfloat'
C:\Users\craig\Dropbox\00 - Cloud Documents\01_ImportantFiles\Education\OSU\08_Fall_23\CS 450 Intro to Computer Graphics\SampleWindows\Sample2022\sample.cpp(887,24): warning C4305: 'argument': truncation from 'double' to 'GLfloat'
C:\Users\craig\Dropbox\00 - Cloud Documents\01_ImportantFiles\Education\OSU\08_Fall_23\CS 450 Intro to Computer Graphics\SampleWindows\Sample2022\sample.cpp(888,27): warning C4305: 'argument': truncation from 'double' to 'GLfloat'
C:\Users\craig\Dropbox\00 - Cloud Documents\01_ImportantFiles\Education\OSU\08_Fall_23\CS 450 Intro to Computer Graphics\SampleWindows\Sample2022\sample.cpp(889,30): warning C4305: 'argument': truncation from 'double' to 'GLfloat'
C:\Users\craig\Dropbox\00 - Cloud Documents\01_ImportantFiles\Education\OSU\08_Fall_23\CS 450 Intro to Computer Graphics\SampleWindows\Sample2022\sample.cpp(889,25): warning C4305: 'argument': truncation from 'double' to 'GLfloat'
C:\Users\craig\Dropbox\00 - Cloud Documents\01_ImportantFiles\Education\OSU\08_Fall_23\CS 450 Intro to Computer Graphics\SampleWindows\Sample2022\sample.cpp(890,25): warning C4305: 'argument': truncation from 'double' to 'GLfloat'
C:\Users\craig\Dropbox\00 - Cloud Documents\01_ImportantFiles\Education\OSU\08_Fall_23\CS 450 Intro to Computer Graphics\SampleWindows\Sample2022\sample.cpp(895,29): warning C4305: 'argument': truncation from 'double' to 'GLfloat'
C:\Users\craig\Dropbox\00 - Cloud Documents\01_ImportantFiles\Education\OSU\08_Fall_23\CS 450 Intro to Computer Graphics\SampleWindows\Sample2022\sample.cpp(895,24): warning C4305: 'argument': truncation from 'double' to 'GLfloat'
C:\Users\craig\Dropbox\00 - Cloud Documents\01_ImportantFiles\Education\OSU\08_Fall_23\CS 450 Intro to Computer Graphics\SampleWindows\Sample2022\sample.cpp(896,29): warning C4305: 'argument': truncation from 'double' to 'GLfloat'
C:\Users\craig\Dropbox\00 - Cloud Documents\01_ImportantFiles\Education\OSU\08_Fall_23\CS 450 Intro to Computer Graphics\SampleWindows\Sample2022\sample.cpp(896,24): warning C4305: 'argument': truncation from 'double' to 'GLfloat'
C:\Users\craig\Dropbox\00 - Cloud Documents\01_ImportantFiles\Education\OSU\08_Fall_23\CS 450 Intro to Computer Graphics\SampleWindows\Sample2022\sample.cpp(897,28): warning C4305: 'argument': truncation from 'double' to 'GLfloat'
C:\Users\craig\Dropbox\00 - Cloud Documents\01_ImportantFiles\Education\OSU\08_Fall_23\CS 450 Intro to Computer Graphics\SampleWindows\Sample2022\sample.cpp(897,24): warning C4305: 'argument': truncation from 'double' to 'GLfloat'
C:\Users\craig\Dropbox\00 - Cloud Documents\01_ImportantFiles\Education\OSU\08_Fall_23\CS 450 Intro to Computer Graphics\SampleWindows\Sample2022\sample.cpp(1032,30): warning C4305: '-=': truncation from 'double' to 'float'
C:\Users\craig\Dropbox\00 - Cloud Documents\01_ImportantFiles\Education\OSU\08_Fall_23\CS 450 Intro to Computer Graphics\SampleWindows\Sample2022\sample.cpp(1037,30): warning C4305: '+=': truncation from 'double' to 'float'
C:\Users\craig\Dropbox\00 - Cloud Documents\01_ImportantFiles\Education\OSU\08_Fall_23\CS 450 Intro to Computer Graphics\SampleWindows\Sample2022\sample.cpp(1480,43): warning C4244: 'argument': conversion from 'double' to 'GLfloat', possible loss of data
C:\Users\craig\Dropbox\00 - Cloud Documents\01_ImportantFiles\Education\OSU\08_Fall_23\CS 450 Intro to Computer Graphics\SampleWindows\Sample2022\sample.cpp(1480,23): warning C4244: 'argument': conversion from 'double' to 'GLfloat', possible loss of data
sample.obj : warning LNK4075: ignoring '/EDITANDCONTINUE' due to '/INCREMENTAL:NO' specification
  Sample.vcxproj -> C:\Users\craig\Dropbox\00 - Cloud Documents\01_ImportantFiles\Education\OSU\08_Fall_23\CS 450 Intro to Computer Graphics\SampleWindows\Sample2022\Debug\Sample.exe
